

Wed Jan 26 17:03:57 2022
Command line: PhotoRec

PhotoRec 7.1-WIP, Data Recovery Utility, September 2015
Christophe GRENIER <grenier@cgsecurity.org>
http://www.cgsecurity.org
OS: Windows 8 (9200)
Compiler: GCC 3.4, Cygwin 1007.9
ext2fs lib: none, ntfs lib: 10:0:0, ewf lib: none, libjpeg: 62, curses lib: None
printf: \\.\G:,clustersize = 512 , searchimage_flag = 0,testdisk_mode = 8
file_test_availability_win32 000
file_test_availability_win32 0001,0
file_test_availability_win32 0002
file_test_availability_win32 0003
file_test_availability_win32 0004
file_test_availability_win32 000410
file_test_availability_win32 000411
file_test_availability_win32 00041
file_test_availability_win32 00042
disk_get_size_win32 IOCTL_DISK_GET_LENGTH_INFO(\\.\C:)=240063086592
file_test_availability_win32 00043 240063086592
file_test_availability_win32 0005
file_test_availability_win32 000
file_test_availability_win32 0001,0
file_test_availability_win32 0002
file_test_availability_win32 0003
file_test_availability_win32 0004
file_test_availability_win32 000410
file_test_availability_win32 000411
file_test_availability_win32 00041
file_test_availability_win32 00042
disk_get_size_win32 IOCTL_DISK_GET_LENGTH_INFO(\\.\D:)=316428779520
file_test_availability_win32 00043 316428779520
file_test_availability_win32 0005
file_test_availability_win32 000
file_test_availability_win32 0001,0
file_test_availability_win32 0002
file_test_availability_win32 0003
file_test_availability_win32 0004
file_test_availability_win32 000410
file_test_availability_win32 000411
file_test_availability_win32 00041
file_test_availability_win32 00042
disk_get_size_win32 IOCTL_DISK_GET_LENGTH_INFO(\\.\E:)=262144000000
file_test_availability_win32 00043 262144000000
file_test_availability_win32 0005
file_test_availability_win32 000
file_test_availability_win32 0001,0
file_test_availability_win32 0002
file_test_availability_win32 0003
file_test_availability_win32 0004
file_test_availability_win32 000410
file_test_availability_win32 000411
file_test_availability_win32 00041
file_test_availability_win32 00042
disk_get_size_win32 IOCTL_DISK_GET_LENGTH_INFO(\\.\F:)=231399751680
file_test_availability_win32 00043 231399751680
file_test_availability_win32 0005
file_test_availability_win32 000
file_test_availability_win32 0001,0
file_test_availability_win32 0002
file_test_availability_win32 0003
file_test_availability_win32 0004
file_test_availability_win32 000410
file_test_availability_win32 000411
file_test_availability_win32 00041
file_test_availability_win32 00042
disk_get_size_win32 IOCTL_DISK_GET_LENGTH_INFO(\\.\G:)=188743680000
file_test_availability_win32 00043 188743680000
file_test_availability_win32 0005
file_test_availability_win32 000
file_test_availability_win32 0001,2
file_test_availability_win32 0002
file_test_availability_win32 000
file_test_availability_win32 0001,2
file_test_availability_win32 0002
file_test_availability_win32 000
file_test_availability_win32 0001,2
file_test_availability_win32 0002
file_test_availability_win32 000
file_test_availability_win32 0001,2
file_test_availability_win32 0002
file_test_availability_win32 000
file_test_availability_win32 0001,2
file_test_availability_win32 0002
file_test_availability_win32 000
file_test_availability_win32 0001,2
file_test_availability_win32 0002
file_test_availability_win32 000
file_test_availability_win32 0001,2
file_test_availability_win32 0002
file_test_availability_win32 000
file_test_availability_win32 0001,2
file_test_availability_win32 0002
file_test_availability_win32 000
file_test_availability_win32 0001,2
file_test_availability_win32 0002
file_test_availability_win32 000
file_test_availability_win32 0001,2
file_test_availability_win32 0002
file_test_availability_win32 000
file_test_availability_win32 0001,2
file_test_availability_win32 0002
file_test_availability_win32 000
file_test_availability_win32 0001,2
file_test_availability_win32 0002
file_test_availability_win32 000
file_test_availability_win32 0001,2
file_test_availability_win32 0002
file_test_availability_win32 000
file_test_availability_win32 0001,2
file_test_availability_win32 0002
file_test_availability_win32 000
file_test_availability_win32 0001,2
file_test_availability_win32 0002
file_test_availability_win32 000
file_test_availability_win32 0001,2
file_test_availability_win32 0002
file_test_availability_win32 000
file_test_availability_win32 0001,2
file_test_availability_win32 0002
file_test_availability_win32 000
file_test_availability_win32 0001,2
file_test_availability_win32 0002
file_test_availability_win32 000
file_test_availability_win32 0001,2
file_test_availability_win32 0002
Hard disk list
Drive C: - 240 GB / 223 GiB - CHS 29186 255 63 (RO), sector size=512,=\\.\C:=
Drive D: - 316 GB / 294 GiB - CHS 38470 255 63 (RO), sector size=512,=\\.\D:=
Drive E: - 262 GB / 244 GiB - CHS 31870 255 63 (RO), sector size=512,=\\.\E:=
Drive F: - 231 GB / 215 GiB - CHS 28132 255 63 (RO), sector size=512,=\\.\F:=
Drive G: - 188 GB / 175 GiB - CHS 22946 255 63 (RO), sector size=512,=\\.\G:=

element_disk->disk->device == \\.\C:,cmd_device = \\.\G:,
element_disk->disk->device == \\.\D:,cmd_device = \\.\G:,
element_disk->disk->device == \\.\E:,cmd_device = \\.\G:,
element_disk->disk->device == \\.\F:,cmd_device = \\.\G:,
element_disk->disk->device == \\.\G:,cmd_device = \\.\G:,
Partition table type (auto): None
change_arch_type_cli 000
Drive G: - 188 GB / 175 GiB (RO)
Partition table type: None
menu_photorec 001
init_list_part 0000000000000000001
read_part_none 0000000000000000002
read_part_none 0000000000000000003
read_part_none 00000000000000000031
read_part_none 00000000000000000032
search_type_0 0000000000000000001
search_type_0 00000000000000000021
search_type_0 0000000000000000006
search_type_0 0000000000000000007
recover_FAT 000000000000000000
test_FAT 000000000000000000
search_type_0 000000000000000008
search_type_0 0000000000000000009
search_type_0 00000000000000000041
NTFS at 0/0/1
filesystem size           368640000
sectors_per_cluster       8
mft_lcn                   786432
mftmirr_lcn               2
clusters_per_mft_record   -10
clusters_per_index_record 1
read_part_none 00000000000000000033
read_part_none 00000000000000000034
read_part_none 00000000000000000035
read_part_none 0000000000000000004
read_part_none 0000000000000000005
read_part_none 0000000000000000006
NTFS at 0/0/1
init_list_part 0000000000000000002
init_list_part 0000000000000000003
init_list_part 0000000000000000004
menu_photorec 0000000000000000001
menu_photorec 00001
     Unknown                  0   0  1 22946 198 36  368640000 [Whole disk]
   P NTFS                     0   0  1 22946 198 36  368640000
     NTFS, blocksize=4096, 188 GB / 175 GiB,part num = 255
menu_photorec 00002
menu_photorec_cli 001
menu_photorec_cli 002
remove_used_space.partition->upart_type = 32
ntfs_remove_used_space.
ntfs_device_testdisk_io_ioctl() unimplemented
ntfs_remove_used_space 1
ntfs_remove_used_space 1 no_of_cluster = 46079999
update_search_space_aux offset=0 remove [0-50855]
update_search_space_aux offset=0 remove [51528-51543]
update_search_space_aux offset=0 remove [6149120-6291447]
update_search_space_aux offset=0 remove [6291456-6291967]
menu_photorec 002
init_file_stats aif 1
init_file_stats amr 1
init_file_stats ape 1
init_file_stats asf 1
init_file_stats au 1
init_file_stats bmp 1
init_file_stats caf 1
init_file_stats cam 1
init_file_stats crw 1
init_file_stats djv 1
init_file_stats dv 1
init_file_stats flac 1
init_file_stats flv 1
init_file_stats gif 1
init_file_stats icns 1
init_file_stats ico 1
init_file_stats indd 1
init_file_stats jpg 1
init_file_stats m2ts 1
init_file_stats mid 1
init_file_stats mkv 1
init_file_stats mov 1
init_file_stats mp3 1
init_file_stats mpg 1
init_file_stats mrw 1
init_file_stats mxf 1
init_file_stats ogg 1
init_file_stats orf 1
init_file_stats pct 1
init_file_stats pcx 1
init_file_stats png 1
init_file_stats psd 1
init_file_stats psp 1
init_file_stats ra 1
init_file_stats raf 1
init_file_stats raw 1
init_file_stats riff 1
init_file_stats rm 1
init_file_stats swf 1
init_file_stats tif 1
init_file_stats ts 1
init_file_stats tx? 1
init_file_stats txt 1
init_file_stats wmf 1
init_file_stats x3f 1
323 first-level signatures enabled
photorec 001

Analyse  params->status == 0
   P NTFS                     0   0  1 22946 198 36  368640000
     NTFS, blocksize=4096, 188 GB / 175 GiB,part num = 255
Pass 0 (blocksize=512) STATUS_FIND_OFFSET
blocksize_is_known =512
blocksize=512, offset=0
Can't create photorec.ses file: No such file or directory
Elapsed time 0h00m00s
Pass 1 (blocksize=512) STATUS_EXT2_OFF
* 0-368639999: (null)
368640000 sectors contains unknown data, 0 invalid files found and rejected.
file_win32_pread(1952,897,buffer,368639320(22946/187/50)) read err: Partial read
file_win32_pread(1952,1,buffer,368639992(22946/198/29)) read err: read after end of file
Can't create photorec.ses file: No such file or directory
Elapsed time 0h12m21s
Pass 1 +0 file
Total: 0 file found

0-368639999: (null)
368640000 sectors contains unknown data, 0 invalid files found and rejected.
PhotoRec exited normally.
